2013-09-11T08:37:10.312Z|avail|AVAILABLE
2013-09-11T08:37:10.312Z|logic|WARNING|701939(1)|100||Kabinentür öffnet nicht. Stop C abgebrochen.
2013-09-11T08:37:10.312Z|system|WARNING|120120(1)|100||Summalarm för fel vid åtkomst av larmtexter. Text se förklaring
2013-09-11T08:37:10.312Z|system|WARNING|120120(2)|100||Summalarm för fel vid åtkomst av larmtexter. Text se förklaring
2013-09-11T08:37:10.312Z|exec_1|STOPPED|line_1||mode_1|MANUAL|program_1|_N_CMM_SINGLE_MPF|Fovr_1|1|FRovr_1|90|Sovr_1|0|path_position_1|500.2180000000 1060.0000000000 749.9000000000|tool_id_1|0
2013-09-11T08:37:10.312Z|system_1|NORMAL||||
2013-09-11T08:37:10.312Z|block_1||estop_1|ARMED
2013-09-11T08:37:10.312Z|msg_1||
2013-09-11T08:37:10.312Z|active_axes_1|X1 Y1 Z1 SP1 MAG1 C1 A1 U1 Y2 |part_count_1|0|Fact_1|0|Fcmd_1|0|X1act|500.218|X1load|0.7446516312|Y1act|1060|Y1load|1.049836726|Z1act|749.9|Z1load|25.73931089|SP1act|269.99841|SP1load|0.1525925474|MAG1act|34.28571|MAG1load|0.4974517045|C1act|359.97113|C1load|0.04882961516|A1act|-0.00455|A1load|8.951078829|U1act|-0.00104|U1load|1.913510544|Y2act|1060|Y2load|1.162755211|SP1mode|SPINDLE|SP1direction|CLOCKWISE|SP1velocity|0
2013-09-11T08:37:10.562Z|X1load|0.8270516068|Z1load|25.81255531|SP1act|269.9991|SP1load|0.07019257179|MAG1load|0.4028443251|A1load|9.204382458|U1load|1.858577227|Y2load|1.089510788
2013-09-11T08:37:11.013Z|X1load|0.872829371|Y1load|0.9155552843|Z1load|25.82476272|SP1act|269.99841|SP1load|0.06714072085|MAG1load|0.4425183874|A1load|9.118930631|U1load|1.934873501|Y2load|1.080355235
2013-09-11T08:37:11.474Z|X1load|0.7904293954|Y1load|0.9460737938|Z1load|25.73931089|SP1load|0.08239997559|MAG1load|0.408948027|A1load|8.990752892|U1load|1.925717948|Y2load|1.306192206
2013-09-11T08:37:11.934Z|X1load|1.028473769|Y1load|1.043733024|Z1load|25.81560717|SP1load|0.09765923032|MAG1load|0.3631702628|A1load|9.152500992|U1load|2.166814173|Y2load|1.138340403
2013-09-11T08:37:12.405Z|X1load|0.8270516068|Y1load|1.06204413|Z1load|25.79729606|SP1act|269.9991|SP1load|0.07324442274|MAG1load|0.3692739647|A1load|8.990752892|U1load|1.944029054|Y2load|1.074251534
2013-09-11T08:37:12.856Z|X1load|0.93386639|Y1load|0.9155552843|Z1load|25.88274789|SP1load|0.119022187|MAG1load|0.4394665365|A1load|9.689626759|U1load|1.913510544|Y2load|1.135288553
2013-09-11T08:37:13.336Z|X1load|0.9063997314|Y1load|1.113925596|Z1load|25.78814051|SP1load|0.1800592059|MAG1load|0.3723258156|A1load|8.996856594|U1load|1.928769799|Y2load|1.138340403
2013-09-11T08:37:13.787Z|X1load|0.7263405255|Y1load|1.318399609|Z1load|25.64470351|SP1load|0.2014221625|MAG1load|0.3997924741|A1load|9.781182287|U1load|1.916562395|Y2load|1.052888577
2013-09-11T08:37:14.248Z|X1load|0.8575701163|Y1load|0.9765923032|Z1load|25.73015534|SP1act|269.99841|SP1load|0.115970336|MAG1load|0.4150517289|A1load|8.82290109|U1load|2.160710471|Y2load|1.327555162
2013-09-11T08:37:14.688Z|X1load|1.297036653|Y1load|1.647999512|Z1load|25.9132664|SP1act|269.9991|SP1load|0.119022187|MAG1load|0.405896176|A1load|8.877834407|U1load|1.90130314|Y2load|1.126133
2013-09-11T08:37:15.149Z|X1load|0.991851558|Y1load|1.004058962|Z1load|25.61113315|SP1act|269.99841|SP1load|0.1098666341|MAG1load|0.3936887722|A1load|8.899197363|U1load|1.882992035|Y2load|1.32145146
2013-09-11T08:37:15.590Z|X1load|0.988799707|Y1load|1.046784875|Z1load|25.67827387|SP1load|0.1556443983|MAG1load|0.3814813684|A1load|9.057893612|U1load|1.904354991|Y2load|1.217688528
2013-09-11T08:37:16.060Z|X1load|0.8331553087|Y1load|1.315347758|Z1load|25.78508866|SP1load|0.07019257179|MAG1load|0.347911008|A1load|8.777123325|U1load|1.950132756|Y2load|1.214636677
